openapi.py::DEBUG:consumes: ['application/json']
openapi.py::DEBUG:produces: ['applications/json', 'application/json', 'application/json', 'application/json', 'application/json', 'application/json']
flask_api.py::DEBUG:... Adding GET -> swagger_server.controllers.orders_controller.orders_get
abstract.py::DEBUG:... Produces: ['applications/json', 'application/json', 'application/json', 'application/json', 'application/json', 'application/json']
abstract.py::DEBUG:... Adding produces decorator (<BaseSerializer: text/plain>)
secure.py::DEBUG:... Security: None
abstract.py::DEBUG:... Adding security decorator (<function AbstractSecurityHandlerFactory.security_passthrough at 0x7f5ba81c6430>)
openapi.py::DEBUG:consumes: ['application/json']
openapi.py::DEBUG:produces: ['application/json', 'application/json', 'application/json', 'application/json', 'application/json', 'application/json']
flask_api.py::DEBUG:... Adding POST -> swagger_server.controllers.orders_controller.booking_car
abstract.py::DEBUG:... Produces: ['application/json', 'application/json', 'application/json', 'application/json', 'application/json', 'application/json']
abstract.py::DEBUG:... Produces json
abstract.py::DEBUG:... Adding produces decorator (<function AbstractOperation.__content_type_decorator.<locals>.<lambda> at 0x7f5ba7ba95e0>)
secure.py::DEBUG:... Security: None
abstract.py::DEBUG:... Adding security decorator (<function AbstractSecurityHandlerFactory.security_passthrough at 0x7f5ba81c6430>)
abstract.py::DEBUG:Adding /customerservice/v1/orders/{order_id}...
openapi.py::DEBUG:consumes: ['application/json']
openapi.py::DEBUG:produces: ['application/json', 'application/json', 'application/json', 'application/json', 'application/json']
flask_api.py::DEBUG:... Adding DELETE -> swagger_server.controllers.orders_controller.delete_order
abstract.py::DEBUG:... Produces: ['application/json', 'application/json', 'application/json', 'application/json', 'application/json']
abstract.py::DEBUG:... Produces json
abstract.py::DEBUG:... Adding produces decorator (<function AbstractOperation.__content_type_decorator.<locals>.<lambda> at 0x7f5ba7ba99d0>)
secure.py::DEBUG:... Security: None
abstract.py::DEBUG:... Adding security decorator (<function AbstractSecurityHandlerFactory.security_passthrough at 0x7f5ba81c6430>)
abstract.py::DEBUG:Adding /customerservice/v1/transactions...
openapi.py::DEBUG:consumes: ['application/json']
openapi.py::DEBUG:produces: ['applications/json', 'application/json', 'application/json', 'application/json', 'application/json', 'application/json']
flask_api.py::DEBUG:... Adding GET -> swagger_server.controllers.transactions_controller.get_transactions
abstract.py::DEBUG:... Produces: ['applications/json', 'application/json', 'application/json', 'application/json', 'application/json', 'application/json']
abstract.py::DEBUG:... Adding produces decorator (<BaseSerializer: text/plain>)
secure.py::DEBUG:... Security: None
abstract.py::DEBUG:... Adding security decorator (<function AbstractSecurityHandlerFactory.security_passthrough at 0x7f5ba81c6430>)
openapi.py::DEBUG:consumes: ['application/json']
openapi.py::DEBUG:produces: ['application/json', 'application/json', 'application/json', 'application/json', 'application/json', 'application/json']
flask_api.py::DEBUG:... Adding POST -> swagger_server.controllers.transactions_controller.add_transaction
abstract.py::DEBUG:... Produces: ['application/json', 'application/json', 'application/json', 'application/json', 'application/json', 'application/json']
abstract.py::DEBUG:... Produces json
abstract.py::DEBUG:... Adding produces decorator (<function AbstractOperation.__content_type_decorator.<locals>.<lambda> at 0x7f5ba7bd4700>)
secure.py::DEBUG:... Security: None
abstract.py::DEBUG:... Adding security decorator (<function AbstractSecurityHandlerFactory.security_passthrough at 0x7f5ba81c6430>)
flask_api.py::DEBUG:Getting data and status code
parameter.py::DEBUG:Function Arguments: []
abstract.py::DEBUG:Getting data and status code
abstract.py::DEBUG:Prepared body and status code (200)
abstract.py::DEBUG:Got framework response
openapi.py::DEBUG:consumes: ['application/json']
openapi.py::DEBUG:produces: ['applications/json', 'application/json', 'application/json', 'application/json', 'application/json', 'application/json']
flask_api.py::DEBUG:... Adding GET -> swagger_server.controllers.orders_controller.orders_get
abstract.py::DEBUG:... Produces: ['applications/json', 'application/json', 'application/json', 'application/json', 'application/json', 'application/json']
abstract.py::DEBUG:... Adding produces decorator (<BaseSerializer: text/plain>)
secure.py::DEBUG:... Security: None
abstract.py::DEBUG:... Adding security decorator (<function AbstractSecurityHandlerFactory.security_passthrough at 0x7f52ae7ef430>)
openapi.py::DEBUG:consumes: ['application/json']
openapi.py::DEBUG:produces: ['application/json', 'application/json', 'application/json', 'application/json', 'application/json', 'application/json']
flask_api.py::DEBUG:... Adding POST -> swagger_server.controllers.orders_controller.booking_car
abstract.py::DEBUG:... Produces: ['application/json', 'application/json', 'application/json', 'application/json', 'application/json', 'application/json']
abstract.py::DEBUG:... Produces json
abstract.py::DEBUG:... Adding produces decorator (<function AbstractOperation.__content_type_decorator.<locals>.<lambda> at 0x7f52ae1d25e0>)
secure.py::DEBUG:... Security: None
abstract.py::DEBUG:... Adding security decorator (<function AbstractSecurityHandlerFactory.security_passthrough at 0x7f52ae7ef430>)
abstract.py::DEBUG:Adding /customerservice/v1/orders/{order_id}...
openapi.py::DEBUG:consumes: ['application/json']
openapi.py::DEBUG:produces: ['application/json', 'application/json', 'application/json', 'application/json', 'application/json']
flask_api.py::DEBUG:... Adding DELETE -> swagger_server.controllers.orders_controller.delete_order
abstract.py::DEBUG:... Produces: ['application/json', 'application/json', 'application/json', 'application/json', 'application/json']
abstract.py::DEBUG:... Produces json
abstract.py::DEBUG:... Adding produces decorator (<function AbstractOperation.__content_type_decorator.<locals>.<lambda> at 0x7f52ae1d29d0>)
secure.py::DEBUG:... Security: None
abstract.py::DEBUG:... Adding security decorator (<function AbstractSecurityHandlerFactory.security_passthrough at 0x7f52ae7ef430>)
abstract.py::DEBUG:Adding /customerservice/v1/transactions...
openapi.py::DEBUG:consumes: ['application/json']
openapi.py::DEBUG:produces: ['applications/json', 'application/json', 'application/json', 'application/json', 'application/json', 'application/json']
flask_api.py::DEBUG:... Adding GET -> swagger_server.controllers.transactions_controller.get_transactions
abstract.py::DEBUG:... Produces: ['applications/json', 'application/json', 'application/json', 'application/json', 'application/json', 'application/json']
abstract.py::DEBUG:... Adding produces decorator (<BaseSerializer: text/plain>)
secure.py::DEBUG:... Security: None
abstract.py::DEBUG:... Adding security decorator (<function AbstractSecurityHandlerFactory.security_passthrough at 0x7f52ae7ef430>)
openapi.py::DEBUG:consumes: ['application/json']
openapi.py::DEBUG:produces: ['application/json', 'application/json', 'application/json', 'application/json', 'application/json', 'application/json']
flask_api.py::DEBUG:... Adding POST -> swagger_server.controllers.transactions_controller.add_transaction
abstract.py::DEBUG:... Produces: ['application/json', 'application/json', 'application/json', 'application/json', 'application/json', 'application/json']
abstract.py::DEBUG:... Produces json
abstract.py::DEBUG:... Adding produces decorator (<function AbstractOperation.__content_type_decorator.<locals>.<lambda> at 0x7f52ae1fd790>)
secure.py::DEBUG:... Security: None
abstract.py::DEBUG:... Adding security decorator (<function AbstractSecurityHandlerFactory.security_passthrough at 0x7f52ae7ef430>)
flask_api.py::DEBUG:Getting data and status code
validation.py::DEBUG:http://localhost/customerservice/v1/orders/395202dea4b74f9da6a5aca1ba6b1975 validating parameters...
parameter.py::DEBUG:Function Arguments: ['order_id']
abstract.py::DEBUG:Getting data and status code
abstract.py::DEBUG:Prepared body and status code (200)
abstract.py::DEBUG:Got framework response
openapi.py::DEBUG:consumes: ['application/json']
openapi.py::DEBUG:produces: ['applications/json', 'application/json', 'application/json', 'application/json', 'application/json', 'application/json']
flask_api.py::DEBUG:... Adding GET -> swagger_server.controllers.orders_controller.orders_get
abstract.py::DEBUG:... Produces: ['applications/json', 'application/json', 'application/json', 'application/json', 'application/json', 'application/json']
abstract.py::DEBUG:... Adding produces decorator (<BaseSerializer: text/plain>)
secure.py::DEBUG:... Security: None
abstract.py::DEBUG:... Adding security decorator (<function AbstractSecurityHandlerFactory.security_passthrough at 0x7f880462d430>)
openapi.py::DEBUG:consumes: ['application/json']
openapi.py::DEBUG:produces: ['application/json', 'application/json', 'application/json', 'application/json', 'application/json', 'application/json']
flask_api.py::DEBUG:... Adding POST -> swagger_server.controllers.orders_controller.booking_car
abstract.py::DEBUG:... Produces: ['application/json', 'application/json', 'application/json', 'application/json', 'application/json', 'application/json']
abstract.py::DEBUG:... Produces json
abstract.py::DEBUG:... Adding produces decorator (<function AbstractOperation.__content_type_decorator.<locals>.<lambda> at 0x7f88040105e0>)
secure.py::DEBUG:... Security: None
abstract.py::DEBUG:... Adding security decorator (<function AbstractSecurityHandlerFactory.security_passthrough at 0x7f880462d430>)
abstract.py::DEBUG:Adding /customerservice/v1/orders/{order_id}...
openapi.py::DEBUG:consumes: ['application/json']
openapi.py::DEBUG:produces: ['application/json', 'application/json', 'application/json', 'application/json', 'application/json']
flask_api.py::DEBUG:... Adding DELETE -> swagger_server.controllers.orders_controller.delete_order
abstract.py::DEBUG:... Produces: ['application/json', 'application/json', 'application/json', 'application/json', 'application/json']
abstract.py::DEBUG:... Produces json
abstract.py::DEBUG:... Adding produces decorator (<function AbstractOperation.__content_type_decorator.<locals>.<lambda> at 0x7f88040109d0>)
secure.py::DEBUG:... Security: None
abstract.py::DEBUG:... Adding security decorator (<function AbstractSecurityHandlerFactory.security_passthrough at 0x7f880462d430>)
abstract.py::DEBUG:Adding /customerservice/v1/transactions...
openapi.py::DEBUG:consumes: ['application/json']
openapi.py::DEBUG:produces: ['applications/json', 'application/json', 'application/json', 'application/json', 'application/json', 'application/json']
flask_api.py::DEBUG:... Adding GET -> swagger_server.controllers.transactions_controller.get_transactions
abstract.py::DEBUG:... Produces: ['applications/json', 'application/json', 'application/json', 'application/json', 'application/json', 'application/json']
abstract.py::DEBUG:... Adding produces decorator (<BaseSerializer: text/plain>)
secure.py::DEBUG:... Security: None
abstract.py::DEBUG:... Adding security decorator (<function AbstractSecurityHandlerFactory.security_passthrough at 0x7f880462d430>)
openapi.py::DEBUG:consumes: ['application/json']
openapi.py::DEBUG:produces: ['application/json', 'application/json', 'application/json', 'application/json', 'application/json', 'application/json']
flask_api.py::DEBUG:... Adding POST -> swagger_server.controllers.transactions_controller.add_transaction
abstract.py::DEBUG:... Produces: ['application/json', 'application/json', 'application/json', 'application/json', 'application/json', 'application/json']
abstract.py::DEBUG:... Produces json
abstract.py::DEBUG:... Adding produces decorator (<function AbstractOperation.__content_type_decorator.<locals>.<lambda> at 0x7f8804037700>)
secure.py::DEBUG:... Security: None
abstract.py::DEBUG:... Adding security decorator (<function AbstractSecurityHandlerFactory.security_passthrough at 0x7f880462d430>)
flask_api.py::DEBUG:Getting data and status code
validation.py::DEBUG:http://localhost/customerservice/v1/orders validating schema...
parameter.py::DEBUG:Function Arguments: ['body']
abstract.py::DEBUG:Getting data and status code
abstract.py::DEBUG:Prepared body and status code (200)
abstract.py::DEBUG:Got framework response
openapi.py::DEBUG:consumes: ['application/json']
openapi.py::DEBUG:produces: ['applications/json', 'application/json', 'application/json', 'application/json', 'application/json', 'application/json']
flask_api.py::DEBUG:... Adding GET -> swagger_server.controllers.orders_controller.orders_get
abstract.py::DEBUG:... Produces: ['applications/json', 'application/json', 'application/json', 'application/json', 'application/json', 'application/json']
abstract.py::DEBUG:... Adding produces decorator (<BaseSerializer: text/plain>)
secure.py::DEBUG:... Security: None
abstract.py::DEBUG:... Adding security decorator (<function AbstractSecurityHandlerFactory.security_passthrough at 0x7ff09363d430>)
openapi.py::DEBUG:consumes: ['application/json']
openapi.py::DEBUG:produces: ['application/json', 'application/json', 'application/json', 'application/json', 'application/json', 'application/json']
flask_api.py::DEBUG:... Adding POST -> swagger_server.controllers.orders_controller.booking_car
abstract.py::DEBUG:... Produces: ['application/json', 'application/json', 'application/json', 'application/json', 'application/json', 'application/json']
abstract.py::DEBUG:... Produces json
abstract.py::DEBUG:... Adding produces decorator (<function AbstractOperation.__content_type_decorator.<locals>.<lambda> at 0x7ff093021670>)
secure.py::DEBUG:... Security: None
abstract.py::DEBUG:... Adding security decorator (<function AbstractSecurityHandlerFactory.security_passthrough at 0x7ff09363d430>)
abstract.py::DEBUG:Adding /customerservice/v1/orders/{order_id}...
openapi.py::DEBUG:consumes: ['application/json']
openapi.py::DEBUG:produces: ['application/json', 'application/json', 'application/json', 'application/json', 'application/json']
flask_api.py::DEBUG:... Adding DELETE -> swagger_server.controllers.orders_controller.delete_order
abstract.py::DEBUG:... Produces: ['application/json', 'application/json', 'application/json', 'application/json', 'application/json']
abstract.py::DEBUG:... Produces json
abstract.py::DEBUG:... Adding produces decorator (<function AbstractOperation.__content_type_decorator.<locals>.<lambda> at 0x7ff093021af0>)
secure.py::DEBUG:... Security: None
abstract.py::DEBUG:... Adding security decorator (<function AbstractSecurityHandlerFactory.security_passthrough at 0x7ff09363d430>)
abstract.py::DEBUG:Adding /customerservice/v1/transactions...
openapi.py::DEBUG:consumes: ['application/json']
openapi.py::DEBUG:produces: ['applications/json', 'application/json', 'application/json', 'application/json', 'application/json', 'application/json']
flask_api.py::DEBUG:... Adding GET -> swagger_server.controllers.transactions_controller.get_transactions
abstract.py::DEBUG:... Produces: ['applications/json', 'application/json', 'application/json', 'application/json', 'application/json', 'application/json']
abstract.py::DEBUG:... Adding produces decorator (<BaseSerializer: text/plain>)
secure.py::DEBUG:... Security: None
abstract.py::DEBUG:... Adding security decorator (<function AbstractSecurityHandlerFactory.security_passthrough at 0x7ff09363d430>)
openapi.py::DEBUG:consumes: ['application/json']
openapi.py::DEBUG:produces: ['application/json', 'application/json', 'application/json', 'application/json', 'application/json', 'application/json']
flask_api.py::DEBUG:... Adding POST -> swagger_server.controllers.transactions_controller.add_transaction
abstract.py::DEBUG:... Produces: ['application/json', 'application/json', 'application/json', 'application/json', 'application/json', 'application/json']
abstract.py::DEBUG:... Produces json
abstract.py::DEBUG:... Adding produces decorator (<function AbstractOperation.__content_type_decorator.<locals>.<lambda> at 0x7ff09304d820>)
secure.py::DEBUG:... Security: None
abstract.py::DEBUG:... Adding security decorator (<function AbstractSecurityHandlerFactory.security_passthrough at 0x7ff09363d430>)
flask_api.py::DEBUG:Getting data and status code
validation.py::DEBUG:http://localhost/customerservice/v1/orders validating schema...
parameter.py::DEBUG:Function Arguments: ['body']
abstract.py::DEBUG:Getting data and status code
abstract.py::DEBUG:Prepared body and status code (200)
abstract.py::DEBUG:Got framework response
abstract.py::DEBUG:Root Path: /home/hari/Desktop/CustomerService/customer_service_backend/swagger_server/test
abstract.py::DEBUG:Specification directory: /home/hari/Desktop/CustomerService/customer_service_backend/swagger_server/test/../swagger
abstract.py::DEBUG:Setting error handlers
abstract.py::DEBUG:Loading specification: /home/hari/Desktop/CustomerService/customer_service_backend/swagger_server/test/../swagger/swagger.yaml
abstract.py::DEBUG:Read specification
options.py::WARNING:The swagger_ui directory could not be found.
    Please install connexion with extra install: pip install connexion[swagger-ui]
    or provide the path to your local installation by passing swagger_path=<your path>

abstract.py::DEBUG:Options Loaded
flask_api.py::DEBUG:Creating API blueprint: /customerservice/v1
abstract.py::DEBUG:Security Definitions: {}
abstract.py::DEBUG:Validate Responses: False
abstract.py::DEBUG:Strict Request Validation: False
abstract.py::DEBUG:Pythonic params: False
abstract.py::DEBUG:pass_context_arg_name: None
flask_api.py::DEBUG:Adding spec json: /customerservice/v1//openapi.json
flask_api.py::DEBUG:Adding spec yaml: /customerservice/v1//openapi.yaml
options.py::WARNING:The swagger_ui directory could not be found.
    Please install connexion with extra install: pip install connexion[swagger-ui]
    or provide the path to your local installation by passing swagger_path=<your path>

abstract.py::DEBUG:Adding /customerservice/v1/orders...
openapi.py::DEBUG:consumes: ['application/json']
openapi.py::DEBUG:produces: ['applications/json', 'application/json', 'application/json', 'application/json', 'application/json', 'application/json']
flask_api.py::DEBUG:... Adding GET -> swagger_server.controllers.orders_controller.orders_get
abstract.py::DEBUG:... Produces: ['applications/json', 'application/json', 'application/json', 'application/json', 'application/json', 'application/json']
abstract.py::DEBUG:... Adding produces decorator (<BaseSerializer: text/plain>)
secure.py::DEBUG:... Security: None
abstract.py::DEBUG:... Adding security decorator (<function AbstractSecurityHandlerFactory.security_passthrough at 0x7ff09363d430>)
openapi.py::DEBUG:consumes: ['application/json']
openapi.py::DEBUG:produces: ['application/json', 'application/json', 'application/json', 'application/json', 'application/json', 'application/json']
flask_api.py::DEBUG:... Adding POST -> swagger_server.controllers.orders_controller.booking_car
abstract.py::DEBUG:... Produces: ['application/json', 'application/json', 'application/json', 'application/json', 'application/json', 'application/json']
abstract.py::DEBUG:... Produces json
abstract.py::DEBUG:... Adding produces decorator (<function AbstractOperation.__content_type_decorator.<locals>.<lambda> at 0x7ff09075eee0>)
secure.py::DEBUG:... Security: None
abstract.py::DEBUG:... Adding security decorator (<function AbstractSecurityHandlerFactory.security_passthrough at 0x7ff09363d430>)
abstract.py::DEBUG:Adding /customerservice/v1/orders/{order_id}...
openapi.py::DEBUG:consumes: ['application/json']
openapi.py::DEBUG:produces: ['application/json', 'application/json', 'application/json', 'application/json', 'application/json']
flask_api.py::DEBUG:... Adding DELETE -> swagger_server.controllers.orders_controller.delete_order
abstract.py::DEBUG:... Produces: ['application/json', 'application/json', 'application/json', 'application/json', 'application/json']
abstract.py::DEBUG:... Produces json
abstract.py::DEBUG:... Adding produces decorator (<function AbstractOperation.__content_type_decorator.<locals>.<lambda> at 0x7ff0906fc310>)
secure.py::DEBUG:... Security: None
abstract.py::DEBUG:... Adding security decorator (<function AbstractSecurityHandlerFactory.security_passthrough at 0x7ff09363d430>)
abstract.py::DEBUG:Adding /customerservice/v1/transactions...
openapi.py::DEBUG:consumes: ['application/json']
openapi.py::DEBUG:produces: ['applications/json', 'application/json', 'application/json', 'application/json', 'application/json', 'application/json']
flask_api.py::DEBUG:... Adding GET -> swagger_server.controllers.transactions_controller.get_transactions
abstract.py::DEBUG:... Produces: ['applications/json', 'application/json', 'application/json', 'application/json', 'application/json', 'application/json']
abstract.py::DEBUG:... Adding produces decorator (<BaseSerializer: text/plain>)
secure.py::DEBUG:... Security: None
abstract.py::DEBUG:... Adding security decorator (<function AbstractSecurityHandlerFactory.security_passthrough at 0x7ff09363d430>)
openapi.py::DEBUG:consumes: ['application/json']
openapi.py::DEBUG:produces: ['application/json', 'application/json', 'application/json', 'application/json', 'application/json', 'application/json']
flask_api.py::DEBUG:... Adding POST -> swagger_server.controllers.transactions_controller.add_transaction
abstract.py::DEBUG:... Produces: ['application/json', 'application/json', 'application/json', 'application/json', 'application/json', 'application/json']
abstract.py::DEBUG:... Produces json
abstract.py::DEBUG:... Adding produces decorator (<function AbstractOperation.__content_type_decorator.<locals>.<lambda> at 0x7ff0906fc820>)
secure.py::DEBUG:... Security: None
abstract.py::DEBUG:... Adding security decorator (<function AbstractSecurityHandlerFactory.security_passthrough at 0x7ff09363d430>)
flask_api.py::DEBUG:Getting data and status code
validation.py::DEBUG:http://localhost/customerservice/v1/orders/395202dea4b74f9da6a5aca1ba6b1975 validating parameters...
parameter.py::DEBUG:Function Arguments: ['order_id']
abstract.py::DEBUG:Getting data and status code
abstract.py::DEBUG:Prepared body and status code (200)
abstract.py::DEBUG:Got framework response
abstract.py::DEBUG:Root Path: /home/hari/Desktop/CustomerService/customer_service_backend/swagger_server/test
abstract.py::DEBUG:Specification directory: /home/hari/Desktop/CustomerService/customer_service_backend/swagger_server/test/../swagger
abstract.py::DEBUG:Setting error handlers
abstract.py::DEBUG:Loading specification: /home/hari/Desktop/CustomerService/customer_service_backend/swagger_server/test/../swagger/swagger.yaml
abstract.py::DEBUG:Read specification
options.py::WARNING:The swagger_ui directory could not be found.
    Please install connexion with extra install: pip install connexion[swagger-ui]
    or provide the path to your local installation by passing swagger_path=<your path>

abstract.py::DEBUG:Options Loaded
flask_api.py::DEBUG:Creating API blueprint: /customerservice/v1
abstract.py::DEBUG:Security Definitions: {}
abstract.py::DEBUG:Validate Responses: False
abstract.py::DEBUG:Strict Request Validation: False
abstract.py::DEBUG:Pythonic params: False
abstract.py::DEBUG:pass_context_arg_name: None
flask_api.py::DEBUG:Adding spec json: /customerservice/v1//openapi.json
flask_api.py::DEBUG:Adding spec yaml: /customerservice/v1//openapi.yaml
options.py::WARNING:The swagger_ui directory could not be found.
    Please install connexion with extra install: pip install connexion[swagger-ui]
    or provide the path to your local installation by passing swagger_path=<your path>

abstract.py::DEBUG:Adding /customerservice/v1/orders...
openapi.py::DEBUG:consumes: ['application/json']
openapi.py::DEBUG:produces: ['applications/json', 'application/json', 'application/json', 'application/json', 'application/json', 'application/json']
flask_api.py::DEBUG:... Adding GET -> swagger_server.controllers.orders_controller.orders_get
abstract.py::DEBUG:... Produces: ['applications/json', 'application/json', 'application/json', 'application/json', 'application/json', 'application/json']
abstract.py::DEBUG:... Adding produces decorator (<BaseSerializer: text/plain>)
secure.py::DEBUG:... Security: None
abstract.py::DEBUG:... Adding security decorator (<function AbstractSecurityHandlerFactory.security_passthrough at 0x7ff09363d430>)
openapi.py::DEBUG:consumes: ['application/json']
openapi.py::DEBUG:produces: ['application/json', 'application/json', 'application/json', 'application/json', 'application/json', 'application/json']
flask_api.py::DEBUG:... Adding POST -> swagger_server.controllers.orders_controller.booking_car
abstract.py::DEBUG:... Produces: ['application/json', 'application/json', 'application/json', 'application/json', 'application/json', 'application/json']
abstract.py::DEBUG:... Produces json
abstract.py::DEBUG:... Adding produces decorator (<function AbstractOperation.__content_type_decorator.<locals>.<lambda> at 0x7ff090689a60>)
secure.py::DEBUG:... Security: None
abstract.py::DEBUG:... Adding security decorator (<function AbstractSecurityHandlerFactory.security_passthrough at 0x7ff09363d430>)
abstract.py::DEBUG:Adding /customerservice/v1/orders/{order_id}...
openapi.py::DEBUG:consumes: ['application/json']
openapi.py::DEBUG:produces: ['application/json', 'application/json', 'application/json', 'application/json', 'application/json']
flask_api.py::DEBUG:... Adding DELETE -> swagger_server.controllers.orders_controller.delete_order
abstract.py::DEBUG:... Produces: ['application/json', 'application/json', 'application/json', 'application/json', 'application/json']
abstract.py::DEBUG:... Produces json
abstract.py::DEBUG:... Adding produces decorator (<function AbstractOperation.__content_type_decorator.<locals>.<lambda> at 0x7ff090689e50>)
secure.py::DEBUG:... Security: None
abstract.py::DEBUG:... Adding security decorator (<function AbstractSecurityHandlerFactory.security_passthrough at 0x7ff09363d430>)
abstract.py::DEBUG:Adding /customerservice/v1/transactions...
openapi.py::DEBUG:consumes: ['application/json']
openapi.py::DEBUG:produces: ['applications/json', 'application/json', 'application/json', 'application/json', 'application/json', 'application/json']
flask_api.py::DEBUG:... Adding GET -> swagger_server.controllers.transactions_controller.get_transactions
abstract.py::DEBUG:... Produces: ['applications/json', 'application/json', 'application/json', 'application/json', 'application/json', 'application/json']
abstract.py::DEBUG:... Adding produces decorator (<BaseSerializer: text/plain>)
secure.py::DEBUG:... Security: None
abstract.py::DEBUG:... Adding security decorator (<function AbstractSecurityHandlerFactory.security_passthrough at 0x7ff09363d430>)
openapi.py::DEBUG:consumes: ['application/json']
openapi.py::DEBUG:produces: ['application/json', 'application/json', 'application/json', 'application/json', 'application/json', 'application/json']
flask_api.py::DEBUG:... Adding POST -> swagger_server.controllers.transactions_controller.add_transaction
abstract.py::DEBUG:... Produces: ['application/json', 'application/json', 'application/json', 'application/json', 'application/json', 'application/json']
abstract.py::DEBUG:... Produces json
abstract.py::DEBUG:... Adding produces decorator (<function AbstractOperation.__content_type_decorator.<locals>.<lambda> at 0x7ff0906a03a0>)
secure.py::DEBUG:... Security: None
abstract.py::DEBUG:... Adding security decorator (<function AbstractSecurityHandlerFactory.security_passthrough at 0x7ff09363d430>)
flask_api.py::DEBUG:Getting data and status code
parameter.py::DEBUG:Function Arguments: []
abstract.py::DEBUG:Getting data and status code
abstract.py::DEBUG:Prepared body and status code (200)
abstract.py::DEBUG:Got framework response
openapi.py::DEBUG:consumes: ['application/json']
openapi.py::DEBUG:produces: ['applications/json', 'application/json', 'application/json', 'application/json', 'application/json', 'application/json']
flask_api.py::DEBUG:... Adding GET -> swagger_server.controllers.orders_controller.orders_get
abstract.py::DEBUG:... Produces: ['applications/json', 'application/json', 'application/json', 'application/json', 'application/json', 'application/json']
abstract.py::DEBUG:... Adding produces decorator (<BaseSerializer: text/plain>)
secure.py::DEBUG:... Security: None
abstract.py::DEBUG:... Adding security decorator (<function AbstractSecurityHandlerFactory.security_passthrough at 0x7fa77e9c0430>)
openapi.py::DEBUG:consumes: ['application/json']
openapi.py::DEBUG:produces: ['application/json', 'application/json', 'application/json', 'application/json', 'application/json', 'application/json']
flask_api.py::DEBUG:... Adding POST -> swagger_server.controllers.orders_controller.booking_car
abstract.py::DEBUG:... Produces: ['application/json', 'application/json', 'application/json', 'application/json', 'application/json', 'application/json']
abstract.py::DEBUG:... Produces json
abstract.py::DEBUG:... Adding produces decorator (<function AbstractOperation.__content_type_decorator.<locals>.<lambda> at 0x7fa77e3a35e0>)
secure.py::DEBUG:... Security: None
abstract.py::DEBUG:... Adding security decorator (<function AbstractSecurityHandlerFactory.security_passthrough at 0x7fa77e9c0430>)
abstract.py::DEBUG:Adding /customerservice/v1/orders/{order_id}...
openapi.py::DEBUG:consumes: ['application/json']
openapi.py::DEBUG:produces: ['application/json', 'application/json', 'application/json', 'application/json', 'application/json']
flask_api.py::DEBUG:... Adding DELETE -> swagger_server.controllers.orders_controller.delete_order
abstract.py::DEBUG:... Produces: ['application/json', 'application/json', 'application/json', 'application/json', 'application/json']
abstract.py::DEBUG:... Produces json
abstract.py::DEBUG:... Adding produces decorator (<function AbstractOperation.__content_type_decorator.<locals>.<lambda> at 0x7fa77e3a39d0>)
secure.py::DEBUG:... Security: None
abstract.py::DEBUG:... Adding security decorator (<function AbstractSecurityHandlerFactory.security_passthrough at 0x7fa77e9c0430>)
abstract.py::DEBUG:Adding /customerservice/v1/transactions...
openapi.py::DEBUG:consumes: ['application/json']
openapi.py::DEBUG:produces: ['applications/json', 'application/json', 'application/json', 'application/json', 'application/json', 'application/json']
flask_api.py::DEBUG:... Adding GET -> swagger_server.controllers.transactions_controller.get_transactions
abstract.py::DEBUG:... Produces: ['applications/json', 'application/json', 'application/json', 'application/json', 'application/json', 'application/json']
abstract.py::DEBUG:... Adding produces decorator (<BaseSerializer: text/plain>)
secure.py::DEBUG:... Security: None
abstract.py::DEBUG:... Adding security decorator (<function AbstractSecurityHandlerFactory.security_passthrough at 0x7fa77e9c0430>)
openapi.py::DEBUG:consumes: ['application/json']
openapi.py::DEBUG:produces: ['application/json', 'application/json', 'application/json', 'application/json', 'application/json', 'application/json']
flask_api.py::DEBUG:... Adding POST -> swagger_server.controllers.transactions_controller.add_transaction
abstract.py::DEBUG:... Produces: ['application/json', 'application/json', 'application/json', 'application/json', 'application/json', 'application/json']
abstract.py::DEBUG:... Produces json
abstract.py::DEBUG:... Adding produces decorator (<function AbstractOperation.__content_type_decorator.<locals>.<lambda> at 0x7fa77e3ce790>)
secure.py::DEBUG:... Security: None
abstract.py::DEBUG:... Adding security decorator (<function AbstractSecurityHandlerFactory.security_passthrough at 0x7fa77e9c0430>)
flask_api.py::DEBUG:Getting data and status code
parameter.py::DEBUG:Function Arguments: []
abstract.py::DEBUG:Getting data and status code
abstract.py::DEBUG:Prepared body and status code (200)
abstract.py::DEBUG:Got framework response
openapi.py::DEBUG:consumes: ['application/json']
openapi.py::DEBUG:produces: ['applications/json', 'application/json', 'application/json', 'application/json', 'application/json', 'application/json']
flask_api.py::DEBUG:... Adding GET -> swagger_server.controllers.orders_controller.orders_get
abstract.py::DEBUG:... Produces: ['applications/json', 'application/json', 'application/json', 'application/json', 'application/json', 'application/json']
abstract.py::DEBUG:... Adding produces decorator (<BaseSerializer: text/plain>)
secure.py::DEBUG:... Security: None
abstract.py::DEBUG:... Adding security decorator (<function AbstractSecurityHandlerFactory.security_passthrough at 0x7f2566981430>)
openapi.py::DEBUG:consumes: ['application/json']
openapi.py::DEBUG:produces: ['application/json', 'application/json', 'application/json', 'application/json', 'application/json', 'application/json']
flask_api.py::DEBUG:... Adding POST -> swagger_server.controllers.orders_controller.booking_car
abstract.py::DEBUG:... Produces: ['application/json', 'application/json', 'application/json', 'application/json', 'application/json', 'application/json']
abstract.py::DEBUG:... Produces json
abstract.py::DEBUG:... Adding produces decorator (<function AbstractOperation.__content_type_decorator.<locals>.<lambda> at 0x7f25663645e0>)
secure.py::DEBUG:... Security: None
abstract.py::DEBUG:... Adding security decorator (<function AbstractSecurityHandlerFactory.security_passthrough at 0x7f2566981430>)
abstract.py::DEBUG:Adding /customerservice/v1/orders/{order_id}...
openapi.py::DEBUG:consumes: ['application/json']
openapi.py::DEBUG:produces: ['application/json', 'application/json', 'application/json', 'application/json', 'application/json']
flask_api.py::DEBUG:... Adding DELETE -> swagger_server.controllers.orders_controller.delete_order
abstract.py::DEBUG:... Produces: ['application/json', 'application/json', 'application/json', 'application/json', 'application/json']
abstract.py::DEBUG:... Produces json
abstract.py::DEBUG:... Adding produces decorator (<function AbstractOperation.__content_type_decorator.<locals>.<lambda> at 0x7f25663649d0>)
secure.py::DEBUG:... Security: None
abstract.py::DEBUG:... Adding security decorator (<function AbstractSecurityHandlerFactory.security_passthrough at 0x7f2566981430>)
abstract.py::DEBUG:Adding /customerservice/v1/transactions...
openapi.py::DEBUG:consumes: ['application/json']
openapi.py::DEBUG:produces: ['applications/json', 'application/json', 'application/json', 'application/json', 'application/json', 'application/json']
flask_api.py::DEBUG:... Adding GET -> swagger_server.controllers.transactions_controller.get_transactions
abstract.py::DEBUG:... Produces: ['applications/json', 'application/json', 'application/json', 'application/json', 'application/json', 'application/json']
abstract.py::DEBUG:... Adding produces decorator (<BaseSerializer: text/plain>)
secure.py::DEBUG:... Security: None
abstract.py::DEBUG:... Adding security decorator (<function AbstractSecurityHandlerFactory.security_passthrough at 0x7f2566981430>)
openapi.py::DEBUG:consumes: ['application/json']
openapi.py::DEBUG:produces: ['application/json', 'application/json', 'application/json', 'application/json', 'application/json', 'application/json']
flask_api.py::DEBUG:... Adding POST -> swagger_server.controllers.transactions_controller.add_transaction
abstract.py::DEBUG:... Produces: ['application/json', 'application/json', 'application/json', 'application/json', 'application/json', 'application/json']
abstract.py::DEBUG:... Produces json
abstract.py::DEBUG:... Adding produces decorator (<function AbstractOperation.__content_type_decorator.<locals>.<lambda> at 0x7f2566390790>)
secure.py::DEBUG:... Security: None
abstract.py::DEBUG:... Adding security decorator (<function AbstractSecurityHandlerFactory.security_passthrough at 0x7f2566981430>)
flask_api.py::DEBUG:Getting data and status code
validation.py::DEBUG:http://localhost/customerservice/v1/transactions validating schema...
parameter.py::DEBUG:Function Arguments: ['body']
abstract.py::DEBUG:Getting data and status code
abstract.py::DEBUG:Prepared body and status code (201)
abstract.py::DEBUG:Got framework response
openapi.py::DEBUG:consumes: ['application/json']
openapi.py::DEBUG:produces: ['applications/json', 'application/json', 'application/json', 'application/json', 'application/json', 'application/json']
flask_api.py::DEBUG:... Adding GET -> swagger_server.controllers.orders_controller.orders_get
abstract.py::DEBUG:... Produces: ['applications/json', 'application/json', 'application/json', 'application/json', 'application/json', 'application/json']
abstract.py::DEBUG:... Adding produces decorator (<BaseSerializer: text/plain>)
secure.py::DEBUG:... Security: None
abstract.py::DEBUG:... Adding security decorator (<function AbstractSecurityHandlerFactory.security_passthrough at 0x7f2daeb41430>)
openapi.py::DEBUG:consumes: ['application/json']
openapi.py::DEBUG:produces: ['application/json', 'application/json', 'application/json', 'application/json', 'application/json', 'application/json']
flask_api.py::DEBUG:... Adding POST -> swagger_server.controllers.orders_controller.booking_car
abstract.py::DEBUG:... Produces: ['application/json', 'application/json', 'application/json', 'application/json', 'application/json', 'application/json']
abstract.py::DEBUG:... Produces json
abstract.py::DEBUG:... Adding produces decorator (<function AbstractOperation.__content_type_decorator.<locals>.<lambda> at 0x7f2dae5245e0>)
secure.py::DEBUG:... Security: None
abstract.py::DEBUG:... Adding security decorator (<function AbstractSecurityHandlerFactory.security_passthrough at 0x7f2daeb41430>)
abstract.py::DEBUG:Adding /customerservice/v1/orders/{order_id}...
openapi.py::DEBUG:consumes: ['application/json']
openapi.py::DEBUG:produces: ['application/json', 'application/json', 'application/json', 'application/json', 'application/json']
flask_api.py::DEBUG:... Adding DELETE -> swagger_server.controllers.orders_controller.delete_order
abstract.py::DEBUG:... Produces: ['application/json', 'application/json', 'application/json', 'application/json', 'application/json']
abstract.py::DEBUG:... Produces json
abstract.py::DEBUG:... Adding produces decorator (<function AbstractOperation.__content_type_decorator.<locals>.<lambda> at 0x7f2dae5249d0>)
secure.py::DEBUG:... Security: None
abstract.py::DEBUG:... Adding security decorator (<function AbstractSecurityHandlerFactory.security_passthrough at 0x7f2daeb41430>)
abstract.py::DEBUG:Adding /customerservice/v1/transactions...
openapi.py::DEBUG:consumes: ['application/json']
openapi.py::DEBUG:produces: ['applications/json', 'application/json', 'application/json', 'application/json', 'application/json', 'application/json']
flask_api.py::DEBUG:... Adding GET -> swagger_server.controllers.transactions_controller.get_transactions
abstract.py::DEBUG:... Produces: ['applications/json', 'application/json', 'application/json', 'application/json', 'application/json', 'application/json']
abstract.py::DEBUG:... Adding produces decorator (<BaseSerializer: text/plain>)
secure.py::DEBUG:... Security: None
abstract.py::DEBUG:... Adding security decorator (<function AbstractSecurityHandlerFactory.security_passthrough at 0x7f2daeb41430>)
openapi.py::DEBUG:consumes: ['application/json']
openapi.py::DEBUG:produces: ['application/json', 'application/json', 'application/json', 'application/json', 'application/json', 'application/json']
flask_api.py::DEBUG:... Adding POST -> swagger_server.controllers.transactions_controller.add_transaction
abstract.py::DEBUG:... Produces: ['application/json', 'application/json', 'application/json', 'application/json', 'application/json', 'application/json']
abstract.py::DEBUG:... Produces json
abstract.py::DEBUG:... Adding produces decorator (<function AbstractOperation.__content_type_decorator.<locals>.<lambda> at 0x7f2dae54d790>)
secure.py::DEBUG:... Security: None
abstract.py::DEBUG:... Adding security decorator (<function AbstractSecurityHandlerFactory.security_passthrough at 0x7f2daeb41430>)
flask_api.py::DEBUG:Getting data and status code
validation.py::DEBUG:http://localhost/customerservice/v1/transactions validating schema...
parameter.py::DEBUG:Function Arguments: ['body']
abstract.py::DEBUG:Getting data and status code
abstract.py::DEBUG:Prepared body and status code (200)
abstract.py::DEBUG:Got framework response
