openapi.py:129:DEBUG:consumes: ['application/json']
openapi.py:130:DEBUG:produces: ['applications/json', 'application/json', 'application/json', 'application/json', 'application/json', 'application/json']
flask_api.py:121:DEBUG:... Adding GET -> swagger_server.controllers.orders_controller.orders_get
abstract.py:410:DEBUG:... Produces: ['applications/json', 'application/json', 'application/json', 'application/json', 'application/json', 'application/json']
abstract.py:371:DEBUG:... Adding produces decorator (<BaseSerializer: text/plain>)
secure.py:73:DEBUG:... Security: None
abstract.py:382:DEBUG:... Adding security decorator (<function AbstractSecurityHandlerFactory.security_passthrough at 0x7fe04ea46f70>)
openapi.py:129:DEBUG:consumes: ['application/json']
openapi.py:130:DEBUG:produces: ['application/json', 'application/json', 'application/json', 'application/json', 'application/json', 'application/json']
flask_api.py:121:DEBUG:... Adding POST -> swagger_server.controllers.orders_controller.booking_car
abstract.py:410:DEBUG:... Produces: ['application/json', 'application/json', 'application/json', 'application/json', 'application/json', 'application/json']
abstract.py:414:DEBUG:... Produces json
abstract.py:371:DEBUG:... Adding produces decorator (<function AbstractOperation.__content_type_decorator.<locals>.<lambda> at 0x7fe04e44b940>)
secure.py:73:DEBUG:... Security: None
abstract.py:382:DEBUG:... Adding security decorator (<function AbstractSecurityHandlerFactory.security_passthrough at 0x7fe04ea46f70>)
abstract.py:216:DEBUG:Adding /customerservice/v1/orders/{order_id}...
openapi.py:129:DEBUG:consumes: ['application/json']
openapi.py:130:DEBUG:produces: ['application/json', 'application/json', 'application/json', 'application/json', 'application/json']
flask_api.py:121:DEBUG:... Adding DELETE -> swagger_server.controllers.orders_controller.delete_order
abstract.py:410:DEBUG:... Produces: ['application/json', 'application/json', 'application/json', 'application/json', 'application/json']
abstract.py:414:DEBUG:... Produces json
abstract.py:371:DEBUG:... Adding produces decorator (<function AbstractOperation.__content_type_decorator.<locals>.<lambda> at 0x7fe04e44bd30>)
secure.py:73:DEBUG:... Security: None
abstract.py:382:DEBUG:... Adding security decorator (<function AbstractSecurityHandlerFactory.security_passthrough at 0x7fe04ea46f70>)
abstract.py:216:DEBUG:Adding /customerservice/v1/transactions...
openapi.py:129:DEBUG:consumes: ['application/json']
openapi.py:130:DEBUG:produces: ['applications/json', 'application/json', 'application/json', 'application/json', 'application/json', 'application/json']
flask_api.py:121:DEBUG:... Adding GET -> swagger_server.controllers.transactions_controller.get_transactions
abstract.py:410:DEBUG:... Produces: ['applications/json', 'application/json', 'application/json', 'application/json', 'application/json', 'application/json']
abstract.py:371:DEBUG:... Adding produces decorator (<BaseSerializer: text/plain>)
secure.py:73:DEBUG:... Security: None
abstract.py:382:DEBUG:... Adding security decorator (<function AbstractSecurityHandlerFactory.security_passthrough at 0x7fe04ea46f70>)
openapi.py:129:DEBUG:consumes: ['application/json']
openapi.py:130:DEBUG:produces: ['application/json', 'application/json', 'application/json', 'application/json', 'application/json', 'application/json']
flask_api.py:121:DEBUG:... Adding POST -> swagger_server.controllers.transactions_controller.add_transaction
abstract.py:410:DEBUG:... Produces: ['application/json', 'application/json', 'application/json', 'application/json', 'application/json', 'application/json']
abstract.py:414:DEBUG:... Produces json
abstract.py:371:DEBUG:... Adding produces decorator (<function AbstractOperation.__content_type_decorator.<locals>.<lambda> at 0x7fe04d3d5a60>)
secure.py:73:DEBUG:... Security: None
abstract.py:382:DEBUG:... Adding security decorator (<function AbstractSecurityHandlerFactory.security_passthrough at 0x7fe04ea46f70>)
flask_app.py:125:DEBUG:Starting flask HTTP server..
_internal.py:224:INFO:[31m[1mWARNING: This is a development server. Do not use it in a production deployment. Use a production WSGI server instead.[0m
 * Running on all addresses (0.0.0.0)
 * Running on http://127.0.0.1:8081
 * Running on http://10.105.23.2:8081
_internal.py:224:INFO:[33mPress CTRL+C to quit[0m
flask_api.py:251:DEBUG:Getting data and status code
parameter.py:85:DEBUG:Function Arguments: []
abstract.py:280:DEBUG:Getting data and status code
abstract.py:423:DEBUG:Prepared body and status code (200)
abstract.py:292:DEBUG:Got framework response
_internal.py:224:INFO:127.0.0.1 - - [27/Apr/2023 16:05:24] "GET /customerservice/v1/transactions HTTP/1.1" 200 -
flask_api.py:251:DEBUG:Getting data and status code
parameter.py:85:DEBUG:Function Arguments: []
abstract.py:280:DEBUG:Getting data and status code
abstract.py:423:DEBUG:Prepared body and status code (200)
abstract.py:292:DEBUG:Got framework response
_internal.py:224:INFO:127.0.0.1 - - [27/Apr/2023 16:05:31] "GET /customerservice/v1/orders HTTP/1.1" 200 -
flask_api.py:251:DEBUG:Getting data and status code
validation.py:168:DEBUG:http://127.0.0.1:8081/customerservice/v1/orders validating schema...
parameter.py:85:DEBUG:Function Arguments: ['body']
abstract.py:280:DEBUG:Getting data and status code
abstract.py:423:DEBUG:Prepared body and status code (200)
abstract.py:292:DEBUG:Got framework response
_internal.py:224:INFO:127.0.0.1 - - [27/Apr/2023 16:05:38] "POST /customerservice/v1/orders HTTP/1.1" 200 -
openapi.py:129:DEBUG:consumes: ['application/json']
openapi.py:130:DEBUG:produces: ['applications/json', 'application/json', 'application/json', 'application/json', 'application/json', 'application/json']
flask_api.py:121:DEBUG:... Adding GET -> swagger_server.controllers.orders_controller.orders_get
abstract.py:410:DEBUG:... Produces: ['applications/json', 'application/json', 'application/json', 'application/json', 'application/json', 'application/json']
abstract.py:371:DEBUG:... Adding produces decorator (<BaseSerializer: text/plain>)
secure.py:73:DEBUG:... Security: None
abstract.py:382:DEBUG:... Adding security decorator (<function AbstractSecurityHandlerFactory.security_passthrough at 0x7f4fab37e700>)
openapi.py:129:DEBUG:consumes: ['application/json']
openapi.py:130:DEBUG:produces: ['application/json', 'application/json', 'application/json', 'application/json', 'application/json', 'application/json']
flask_api.py:121:DEBUG:... Adding POST -> swagger_server.controllers.orders_controller.booking_car
abstract.py:410:DEBUG:... Produces: ['application/json', 'application/json', 'application/json', 'application/json', 'application/json', 'application/json']
abstract.py:414:DEBUG:... Produces json
abstract.py:371:DEBUG:... Adding produces decorator (<function AbstractOperation.__content_type_decorator.<locals>.<lambda> at 0x7f4faae0d4c0>)
secure.py:73:DEBUG:... Security: None
abstract.py:382:DEBUG:... Adding security decorator (<function AbstractSecurityHandlerFactory.security_passthrough at 0x7f4fab37e700>)
abstract.py:216:DEBUG:Adding /customerservice/v1/orders/{order_id}...
openapi.py:129:DEBUG:consumes: ['application/json']
openapi.py:130:DEBUG:produces: ['application/json', 'application/json', 'application/json', 'application/json', 'application/json']
flask_api.py:121:DEBUG:... Adding DELETE -> swagger_server.controllers.orders_controller.delete_order
abstract.py:410:DEBUG:... Produces: ['application/json', 'application/json', 'application/json', 'application/json', 'application/json']
abstract.py:414:DEBUG:... Produces json
abstract.py:371:DEBUG:... Adding produces decorator (<function AbstractOperation.__content_type_decorator.<locals>.<lambda> at 0x7f4faae0d8b0>)
secure.py:73:DEBUG:... Security: None
abstract.py:382:DEBUG:... Adding security decorator (<function AbstractSecurityHandlerFactory.security_passthrough at 0x7f4fab37e700>)
abstract.py:216:DEBUG:Adding /customerservice/v1/transactions...
openapi.py:129:DEBUG:consumes: ['application/json']
openapi.py:130:DEBUG:produces: ['applications/json', 'application/json', 'application/json', 'application/json', 'application/json', 'application/json']
flask_api.py:121:DEBUG:... Adding GET -> swagger_server.controllers.transactions_controller.get_transactions
abstract.py:410:DEBUG:... Produces: ['applications/json', 'application/json', 'application/json', 'application/json', 'application/json', 'application/json']
abstract.py:371:DEBUG:... Adding produces decorator (<BaseSerializer: text/plain>)
secure.py:73:DEBUG:... Security: None
abstract.py:382:DEBUG:... Adding security decorator (<function AbstractSecurityHandlerFactory.security_passthrough at 0x7f4fab37e700>)
openapi.py:129:DEBUG:consumes: ['application/json']
openapi.py:130:DEBUG:produces: ['application/json', 'application/json', 'application/json', 'application/json', 'application/json', 'application/json']
flask_api.py:121:DEBUG:... Adding POST -> swagger_server.controllers.transactions_controller.add_transaction
abstract.py:410:DEBUG:... Produces: ['application/json', 'application/json', 'application/json', 'application/json', 'application/json', 'application/json']
abstract.py:414:DEBUG:... Produces json
abstract.py:371:DEBUG:... Adding produces decorator (<function AbstractOperation.__content_type_decorator.<locals>.<lambda> at 0x7f4fa95855e0>)
secure.py:73:DEBUG:... Security: None
abstract.py:382:DEBUG:... Adding security decorator (<function AbstractSecurityHandlerFactory.security_passthrough at 0x7f4fab37e700>)
flask_app.py:125:DEBUG:Starting flask HTTP server..
_internal.py:224:INFO:[31m[1mWARNING: This is a development server. Do not use it in a production deployment. Use a production WSGI server instead.[0m
 * Running on all addresses (0.0.0.0)
 * Running on http://127.0.0.1:8081
 * Running on http://10.105.23.2:8081
_internal.py:224:INFO:[33mPress CTRL+C to quit[0m
flask_api.py:251:DEBUG:Getting data and status code
parameter.py:85:DEBUG:Function Arguments: []
abstract.py:280:DEBUG:Getting data and status code
abstract.py:423:DEBUG:Prepared body and status code (200)
abstract.py:292:DEBUG:Got framework response
_internal.py:224:INFO:127.0.0.1 - - [03/May/2023 12:04:53] "GET /customerservice/v1/transactions HTTP/1.1" 200 -
flask_api.py:251:DEBUG:Getting data and status code
parameter.py:85:DEBUG:Function Arguments: []
abstract.py:280:DEBUG:Getting data and status code
abstract.py:423:DEBUG:Prepared body and status code (200)
abstract.py:292:DEBUG:Got framework response
_internal.py:224:INFO:127.0.0.1 - - [03/May/2023 12:04:57] "GET /customerservice/v1/orders HTTP/1.1" 200 -
flask_api.py:251:DEBUG:Getting data and status code
parameter.py:85:DEBUG:Function Arguments: []
abstract.py:280:DEBUG:Getting data and status code
abstract.py:423:DEBUG:Prepared body and status code (200)
abstract.py:292:DEBUG:Got framework response
_internal.py:224:INFO:127.0.0.1 - - [03/May/2023 12:05:51] "GET /customerservice/v1/transactions HTTP/1.1" 200 -
flask_api.py:251:DEBUG:Getting data and status code
parameter.py:85:DEBUG:Function Arguments: []
abstract.py:280:DEBUG:Getting data and status code
abstract.py:423:DEBUG:Prepared body and status code (200)
abstract.py:292:DEBUG:Got framework response
_internal.py:224:INFO:127.0.0.1 - - [03/May/2023 12:06:00] "GET /customerservice/v1/orders HTTP/1.1" 200 -
